{"/home/DOM201/ivanovamv/WebstormProjects/WeatherForecast/src/adapters/weatherapi.ts": {"path":"/home/DOM201/ivanovamv/WebstormProjects/WeatherForecast/src/adapters/weatherapi.ts","statementMap":{"0":{"start":{"line":1,"column":0},"end":{"line":1,"column":null}},"1":{"start":{"line":39,"column":2},"end":{"line":39,"column":9}},"2":{"start":{"line":53,"column":20},"end":{"line":53,"column":null}},"3":{"start":{"line":54,"column":2},"end":{"line":54,"column":10}},"4":{"start":{"line":56,"column":22},"end":{"line":56,"column":null}},"5":{"start":{"line":63,"column":6},"end":{"line":63,"column":15}},"6":{"start":{"line":66,"column":2},"end":{"line":66,"column":9}}},"fnMap":{"0":{"name":"convertCurrentForecast","decl":{"start":{"line":38,"column":9},"end":{"line":38,"column":32}},"loc":{"start":{"line":38,"column":65},"end":{"line":50,"column":null}}},"1":{"name":"convertForecasts","decl":{"start":{"line":52,"column":9},"end":{"line":52,"column":26}},"loc":{"start":{"line":52,"column":53},"end":{"line":67,"column":null}}},"2":{"name":"(anonymous_2)","decl":{"start":{"line":55,"column":4},"end":{"line":55,"column":5}},"loc":{"start":{"line":55,"column":66},"end":{"line":64,"column":null}}}},"branchMap":{},"s":{"0":1,"1":1,"2":1,"3":1,"4":1,"5":1,"6":1},"f":{"0":1,"1":1,"2":1},"b":{}}
,"/home/DOM201/ivanovamv/WebstormProjects/WeatherForecast/src/assets/air_pressure.svg": {"path":"/home/DOM201/ivanovamv/WebstormProjects/WeatherForecast/src/assets/air_pressure.svg","statementMap":{"0":{"start":{"line":1,"column":0},"end":{"line":1,"column":19}}},"fnMap":{},"branchMap":{},"s":{"0":1},"f":{},"b":{},"_coverageSchema":"43e27e138ebf9cfc5966b082cf9a028302ed4184","hash":"92cec8736aafb312e9144a6c529b2e7a8ca42b75"}
,"/home/DOM201/ivanovamv/WebstormProjects/WeatherForecast/src/assets/binoculars.svg": {"path":"/home/DOM201/ivanovamv/WebstormProjects/WeatherForecast/src/assets/binoculars.svg","statementMap":{"0":{"start":{"line":1,"column":0},"end":{"line":1,"column":19}}},"fnMap":{},"branchMap":{},"s":{"0":1},"f":{},"b":{},"_coverageSchema":"43e27e138ebf9cfc5966b082cf9a028302ed4184","hash":"10eec76e46e4ca09ab674fe7041af20a7c795837"}
,"/home/DOM201/ivanovamv/WebstormProjects/WeatherForecast/src/assets/humidity.svg": {"path":"/home/DOM201/ivanovamv/WebstormProjects/WeatherForecast/src/assets/humidity.svg","statementMap":{"0":{"start":{"line":1,"column":0},"end":{"line":1,"column":19}}},"fnMap":{},"branchMap":{},"s":{"0":3},"f":{},"b":{},"_coverageSchema":"43e27e138ebf9cfc5966b082cf9a028302ed4184","hash":"66bb748f173b4df63928258bf5fc1affdcbf5307"}
,"/home/DOM201/ivanovamv/WebstormProjects/WeatherForecast/src/assets/temperature.svg": {"path":"/home/DOM201/ivanovamv/WebstormProjects/WeatherForecast/src/assets/temperature.svg","statementMap":{"0":{"start":{"line":1,"column":0},"end":{"line":1,"column":19}}},"fnMap":{},"branchMap":{},"s":{"0":3},"f":{},"b":{},"_coverageSchema":"43e27e138ebf9cfc5966b082cf9a028302ed4184","hash":"58150809e47a57a02d72937cc6b05771d8e2bb77"}
,"/home/DOM201/ivanovamv/WebstormProjects/WeatherForecast/src/assets/visibility.svg": {"path":"/home/DOM201/ivanovamv/WebstormProjects/WeatherForecast/src/assets/visibility.svg","statementMap":{"0":{"start":{"line":1,"column":0},"end":{"line":1,"column":19}}},"fnMap":{},"branchMap":{},"s":{"0":1},"f":{},"b":{},"_coverageSchema":"43e27e138ebf9cfc5966b082cf9a028302ed4184","hash":"718332da0fc59db96b7de7b2a752cc7d31ecf173"}
,"/home/DOM201/ivanovamv/WebstormProjects/WeatherForecast/src/assets/wind_direction.svg": {"path":"/home/DOM201/ivanovamv/WebstormProjects/WeatherForecast/src/assets/wind_direction.svg","statementMap":{"0":{"start":{"line":1,"column":0},"end":{"line":1,"column":19}}},"fnMap":{},"branchMap":{},"s":{"0":1},"f":{},"b":{},"_coverageSchema":"43e27e138ebf9cfc5966b082cf9a028302ed4184","hash":"811cb0c15b773d13dba7bbbc2faa4f613b18b4e3"}
,"/home/DOM201/ivanovamv/WebstormProjects/WeatherForecast/src/assets/wind_speed.svg": {"path":"/home/DOM201/ivanovamv/WebstormProjects/WeatherForecast/src/assets/wind_speed.svg","statementMap":{"0":{"start":{"line":1,"column":0},"end":{"line":1,"column":19}}},"fnMap":{},"branchMap":{},"s":{"0":1},"f":{},"b":{},"_coverageSchema":"43e27e138ebf9cfc5966b082cf9a028302ed4184","hash":"fd730a2896d61c9f3c64a2afca0fa3dfbfa4f948"}
,"/home/DOM201/ivanovamv/WebstormProjects/WeatherForecast/src/components/Forecast.vue": {"path":"/home/DOM201/ivanovamv/WebstormProjects/WeatherForecast/src/components/Forecast.vue","statementMap":{"0":{"start":{"line":59,"column":0},"end":{"line":59,"column":null}},"1":{"start":{"line":61,"column":15},"end":{"line":61,"column":31}},"2":{"start":{"line":65,"column":6},"end":{"line":65,"column":13}}},"fnMap":{"0":{"name":"(anonymous_0)","decl":{"start":{"line":64,"column":12},"end":{"line":64,"column":null}},"loc":{"start":{"line":64,"column":12},"end":{"line":66,"column":null}}}},"branchMap":{},"s":{"0":1,"1":1,"2":1},"f":{"0":1},"b":{}}
,"/home/DOM201/ivanovamv/WebstormProjects/WeatherForecast/src/components/ForecastPreview.vue": {"path":"/home/DOM201/ivanovamv/WebstormProjects/WeatherForecast/src/components/ForecastPreview.vue","statementMap":{"0":{"start":{"line":19,"column":0},"end":{"line":19,"column":null}},"1":{"start":{"line":22,"column":15},"end":{"line":22,"column":31}}},"fnMap":{},"branchMap":{},"s":{"0":2,"1":2},"f":{},"b":{}}
,"/home/DOM201/ivanovamv/WebstormProjects/WeatherForecast/src/components/ForecastPreviewList.vue": {"path":"/home/DOM201/ivanovamv/WebstormProjects/WeatherForecast/src/components/ForecastPreviewList.vue","statementMap":{"0":{"start":{"line":12,"column":0},"end":{"line":12,"column":null}},"1":{"start":{"line":13,"column":0},"end":{"line":13,"column":null}},"2":{"start":{"line":16,"column":15},"end":{"line":16,"column":31}},"3":{"start":{"line":21,"column":6},"end":{"line":21,"column":13}}},"fnMap":{"0":{"name":"(anonymous_0)","decl":{"start":{"line":20,"column":4},"end":{"line":20,"column":13}},"loc":{"start":{"line":20,"column":4},"end":{"line":22,"column":null}}}},"branchMap":{},"s":{"0":1,"1":1,"2":1,"3":1},"f":{"0":1},"b":{}}
,"/home/DOM201/ivanovamv/WebstormProjects/WeatherForecast/src/components/SearchBox.vue": {"path":"/home/DOM201/ivanovamv/WebstormProjects/WeatherForecast/src/components/SearchBox.vue","statementMap":{"0":{"start":{"line":27,"column":0},"end":{"line":27,"column":null}},"1":{"start":{"line":29,"column":15},"end":{"line":29,"column":31}},"2":{"start":{"line":38,"column":4},"end":{"line":38,"column":11}},"3":{"start":{"line":45,"column":6},"end":{"line":45,"column":11}},"4":{"start":{"line":46,"column":6},"end":{"line":46,"column":11}},"5":{"start":{"line":47,"column":6},"end":{"line":47,"column":11}},"6":{"start":{"line":51,"column":4},"end":{"line":51,"column":22}},"7":{"start":{"line":52,"column":6},"end":{"line":52,"column":13}},"8":{"start":{"line":53,"column":8},"end":{"line":53,"column":10}}},"fnMap":{"0":{"name":"(anonymous_0)","decl":{"start":{"line":37,"column":6},"end":{"line":37,"column":null}},"loc":{"start":{"line":37,"column":6},"end":{"line":42,"column":null}}},"1":{"name":"(anonymous_1)","decl":{"start":{"line":44,"column":4},"end":{"line":44,"column":17}},"loc":{"start":{"line":44,"column":31},"end":{"line":48,"column":null}}},"2":{"name":"(anonymous_2)","decl":{"start":{"line":51,"column":4},"end":{"line":51,"column":22}},"loc":{"start":{"line":51,"column":4},"end":{"line":55,"column":null}}},"3":{"name":"(anonymous_3)","decl":{"start":{"line":52,"column":33},"end":{"line":52,"column":34}},"loc":{"start":{"line":52,"column":36},"end":{"line":53,"column":null}}}},"branchMap":{},"s":{"0":1,"1":1,"2":2,"3":1,"4":1,"5":1,"6":3,"7":3,"8":6},"f":{"0":2,"1":1,"2":3,"3":6},"b":{}}
,"/home/DOM201/ivanovamv/WebstormProjects/WeatherForecast/src/components/api.ts": {"path":"/home/DOM201/ivanovamv/WebstormProjects/WeatherForecast/src/components/api.ts","statementMap":{"0":{"start":{"line":2,"column":2},"end":{"line":2,"column":null}},"1":{"start":{"line":4,"column":2},"end":{"line":4,"column":null}},"2":{"start":{"line":6,"column":2},"end":{"line":6,"column":null}},"3":{"start":{"line":7,"column":31},"end":{"line":7,"column":null}},"4":{"start":{"line":12,"column":15},"end":{"line":12,"column":29}},"5":{"start":{"line":13,"column":2},"end":{"line":15,"column":null}},"6":{"start":{"line":14,"column":4},"end":{"line":14,"column":10}},"7":{"start":{"line":16,"column":2},"end":{"line":16,"column":9}},"8":{"start":{"line":19,"column":12},"end":{"line":19,"column":null}},"9":{"start":{"line":22,"column":6},"end":{"line":22,"column":11}},"10":{"start":{"line":29,"column":6},"end":{"line":29,"column":11}},"11":{"start":{"line":35,"column":6},"end":{"line":35,"column":11}},"12":{"start":{"line":42,"column":15},"end":{"line":42,"column":null}}},"fnMap":{"0":{"name":"handleErrors","decl":{"start":{"line":11,"column":15},"end":{"line":11,"column":28}},"loc":{"start":{"line":11,"column":41},"end":{"line":17,"column":null}}},"1":{"name":"(anonymous_1)","decl":{"start":{"line":21,"column":9},"end":{"line":21,"column":null}},"loc":{"start":{"line":22,"column":6},"end":{"line":22,"column":11}}},"2":{"name":"(anonymous_2)","decl":{"start":{"line":28,"column":14},"end":{"line":28,"column":null}},"loc":{"start":{"line":29,"column":6},"end":{"line":29,"column":11}}},"3":{"name":"(anonymous_3)","decl":{"start":{"line":34,"column":10},"end":{"line":34,"column":null}},"loc":{"start":{"line":35,"column":6},"end":{"line":35,"column":11}}}},"branchMap":{"0":{"loc":{"start":{"line":13,"column":2},"end":{"line":15,"column":null}},"type":"if","locations":[{"start":{"line":13,"column":2},"end":{"line":15,"column":null}},{"start":{"line":13,"column":2},"end":{"line":15,"column":null}}]}},"s":{"0":1,"1":1,"2":1,"3":1,"4":4,"5":4,"6":1,"7":3,"8":1,"9":1,"10":1,"11":2,"12":1},"f":{"0":4,"1":1,"2":1,"3":2},"b":{"0":[1,3]}}
,"/home/DOM201/ivanovamv/WebstormProjects/WeatherForecast/src/store/index.ts": {"path":"/home/DOM201/ivanovamv/WebstormProjects/WeatherForecast/src/store/index.ts","statementMap":{"0":{"start":{"line":1,"column":0},"end":{"line":1,"column":null}},"1":{"start":{"line":2,"column":0},"end":{"line":2,"column":null}},"2":{"start":{"line":3,"column":0},"end":{"line":3,"column":null}},"3":{"start":{"line":34,"column":25},"end":{"line":34,"column":null}},"4":{"start":{"line":36,"column":4},"end":{"line":36,"column":9}},"5":{"start":{"line":39,"column":4},"end":{"line":39,"column":9}},"6":{"start":{"line":42,"column":4},"end":{"line":42,"column":9}},"7":{"start":{"line":45,"column":4},"end":{"line":45,"column":9}},"8":{"start":{"line":46,"column":4},"end":{"line":46,"column":9}},"9":{"start":{"line":50,"column":23},"end":{"line":50,"column":null}},"10":{"start":{"line":52,"column":21},"end":{"line":52,"column":31}},"11":{"start":{"line":53,"column":4},"end":{"line":53,"column":10}},"12":{"start":{"line":55,"column":49},"end":{"line":55,"column":null}},"13":{"start":{"line":60,"column":17},"end":{"line":60,"column":27}},"14":{"start":{"line":61,"column":4},"end":{"line":61,"column":10}},"15":{"start":{"line":66,"column":4},"end":{"line":66,"column":10}},"16":{"start":{"line":69,"column":8},"end":{"line":69,"column":12}},"17":{"start":{"line":70,"column":8},"end":{"line":70,"column":14}},"18":{"start":{"line":73,"column":8},"end":{"line":73,"column":13}},"19":{"start":{"line":78,"column":15},"end":{"line":78,"column":27}},"20":{"start":{"line":80,"column":4},"end":{"line":80,"column":11}}},"fnMap":{"0":{"name":"(anonymous_0)","decl":{"start":{"line":35,"column":2},"end":{"line":35,"column":15}},"loc":{"start":{"line":35,"column":58},"end":{"line":37,"column":null}}},"1":{"name":"(anonymous_1)","decl":{"start":{"line":38,"column":2},"end":{"line":38,"column":20}},"loc":{"start":{"line":38,"column":53},"end":{"line":40,"column":null}}},"2":{"name":"(anonymous_2)","decl":{"start":{"line":41,"column":2},"end":{"line":41,"column":11}},"loc":{"start":{"line":41,"column":42},"end":{"line":43,"column":null}}},"3":{"name":"(anonymous_3)","decl":{"start":{"line":44,"column":2},"end":{"line":44,"column":7}},"loc":{"start":{"line":44,"column":20},"end":{"line":47,"column":null}}},"4":{"name":"(anonymous_4)","decl":{"start":{"line":51,"column":13},"end":{"line":51,"column":20}},"loc":{"start":{"line":51,"column":54},"end":{"line":57,"column":null}}},"5":{"name":"(anonymous_5)","decl":{"start":{"line":55,"column":15},"end":{"line":55,"column":16}},"loc":{"start":{"line":55,"column":49},"end":{"line":55,"column":null}}},"6":{"name":"(anonymous_6)","decl":{"start":{"line":59,"column":22},"end":{"line":59,"column":29}},"loc":{"start":{"line":59,"column":77},"end":{"line":62,"column":null}}},"7":{"name":"(anonymous_7)","decl":{"start":{"line":64,"column":24},"end":{"line":64,"column":31}},"loc":{"start":{"line":64,"column":79},"end":{"line":75,"column":null}}},"8":{"name":"(anonymous_8)","decl":{"start":{"line":68,"column":13},"end":{"line":68,"column":20}},"loc":{"start":{"line":68,"column":20},"end":{"line":71,"column":null}}},"9":{"name":"(anonymous_9)","decl":{"start":{"line":72,"column":13},"end":{"line":72,"column":18}},"loc":{"start":{"line":72,"column":18},"end":{"line":74,"column":null}}},"10":{"name":"(anonymous_10)","decl":{"start":{"line":79,"column":2},"end":{"line":79,"column":7}},"loc":{"start":{"line":79,"column":7},"end":{"line":85,"column":null}}}},"branchMap":{},"s":{"0":1,"1":1,"2":1,"3":1,"4":2,"5":2,"6":1,"7":1,"8":1,"9":1,"10":1,"11":1,"12":2,"13":1,"14":1,"15":2,"16":1,"17":1,"18":1,"19":1,"20":1},"f":{"0":2,"1":2,"2":1,"3":1,"4":1,"5":2,"6":1,"7":2,"8":1,"9":1,"10":1},"b":{}}
}
