TN:
SF:/home/DOM201/ivanovamv/WebstormProjects/WeatherForecast/src/adapters/weatherapi.ts
FN:38,convertCurrentForecast
FN:52,convertForecasts
FN:55,(anonymous_2)
FNF:3
FNH:3
FNDA:1,convertCurrentForecast
FNDA:1,convertForecasts
FNDA:1,(anonymous_2)
DA:1,1
DA:39,1
DA:53,1
DA:54,1
DA:56,1
DA:63,1
DA:66,1
LF:7
LH:7
BRF:0
BRH:0
end_of_record
TN:
SF:/home/DOM201/ivanovamv/WebstormProjects/WeatherForecast/src/assets/air_pressure.svg
FNF:0
FNH:0
DA:1,1
LF:1
LH:1
BRF:0
BRH:0
end_of_record
TN:
SF:/home/DOM201/ivanovamv/WebstormProjects/WeatherForecast/src/assets/binoculars.svg
FNF:0
FNH:0
DA:1,1
LF:1
LH:1
BRF:0
BRH:0
end_of_record
TN:
SF:/home/DOM201/ivanovamv/WebstormProjects/WeatherForecast/src/assets/humidity.svg
FNF:0
FNH:0
DA:1,3
LF:1
LH:1
BRF:0
BRH:0
end_of_record
TN:
SF:/home/DOM201/ivanovamv/WebstormProjects/WeatherForecast/src/assets/temperature.svg
FNF:0
FNH:0
DA:1,3
LF:1
LH:1
BRF:0
BRH:0
end_of_record
TN:
SF:/home/DOM201/ivanovamv/WebstormProjects/WeatherForecast/src/assets/visibility.svg
FNF:0
FNH:0
DA:1,1
LF:1
LH:1
BRF:0
BRH:0
end_of_record
TN:
SF:/home/DOM201/ivanovamv/WebstormProjects/WeatherForecast/src/assets/wind_direction.svg
FNF:0
FNH:0
DA:1,1
LF:1
LH:1
BRF:0
BRH:0
end_of_record
TN:
SF:/home/DOM201/ivanovamv/WebstormProjects/WeatherForecast/src/assets/wind_speed.svg
FNF:0
FNH:0
DA:1,1
LF:1
LH:1
BRF:0
BRH:0
end_of_record
TN:
SF:/home/DOM201/ivanovamv/WebstormProjects/WeatherForecast/src/components/Forecast.vue
FN:64,(anonymous_0)
FNF:1
FNH:1
FNDA:1,(anonymous_0)
DA:59,1
DA:61,1
DA:65,1
LF:3
LH:3
BRF:0
BRH:0
end_of_record
TN:
SF:/home/DOM201/ivanovamv/WebstormProjects/WeatherForecast/src/components/ForecastPreview.vue
FNF:0
FNH:0
DA:19,2
DA:22,2
LF:2
LH:2
BRF:0
BRH:0
end_of_record
TN:
SF:/home/DOM201/ivanovamv/WebstormProjects/WeatherForecast/src/components/ForecastPreviewList.vue
FN:20,(anonymous_0)
FNF:1
FNH:1
FNDA:1,(anonymous_0)
DA:12,1
DA:13,1
DA:16,1
DA:21,1
LF:4
LH:4
BRF:0
BRH:0
end_of_record
TN:
SF:/home/DOM201/ivanovamv/WebstormProjects/WeatherForecast/src/components/SearchBox.vue
FN:37,(anonymous_0)
FN:44,(anonymous_1)
FN:51,(anonymous_2)
FN:52,(anonymous_3)
FNF:4
FNH:4
FNDA:2,(anonymous_0)
FNDA:1,(anonymous_1)
FNDA:3,(anonymous_2)
FNDA:6,(anonymous_3)
DA:27,1
DA:29,1
DA:38,2
DA:45,1
DA:46,1
DA:47,1
DA:51,3
DA:52,3
DA:53,6
LF:9
LH:9
BRF:0
BRH:0
end_of_record
TN:
SF:/home/DOM201/ivanovamv/WebstormProjects/WeatherForecast/src/components/api.ts
FN:11,handleErrors
FN:21,(anonymous_1)
FN:28,(anonymous_2)
FN:34,(anonymous_3)
FNF:4
FNH:4
FNDA:4,handleErrors
FNDA:1,(anonymous_1)
FNDA:1,(anonymous_2)
FNDA:2,(anonymous_3)
DA:2,1
DA:4,1
DA:6,1
DA:7,1
DA:12,4
DA:13,4
DA:14,1
DA:16,3
DA:19,1
DA:22,1
DA:29,1
DA:35,2
DA:42,1
LF:13
LH:13
BRDA:13,0,0,1
BRDA:13,0,1,3
BRF:2
BRH:2
end_of_record
TN:
SF:/home/DOM201/ivanovamv/WebstormProjects/WeatherForecast/src/store/index.ts
FN:35,(anonymous_0)
FN:38,(anonymous_1)
FN:41,(anonymous_2)
FN:44,(anonymous_3)
FN:51,(anonymous_4)
FN:55,(anonymous_5)
FN:59,(anonymous_6)
FN:64,(anonymous_7)
FN:68,(anonymous_8)
FN:72,(anonymous_9)
FN:79,(anonymous_10)
FNF:11
FNH:11
FNDA:2,(anonymous_0)
FNDA:2,(anonymous_1)
FNDA:1,(anonymous_2)
FNDA:1,(anonymous_3)
FNDA:1,(anonymous_4)
FNDA:2,(anonymous_5)
FNDA:1,(anonymous_6)
FNDA:2,(anonymous_7)
FNDA:1,(anonymous_8)
FNDA:1,(anonymous_9)
FNDA:1,(anonymous_10)
DA:1,1
DA:2,1
DA:3,1
DA:34,1
DA:36,2
DA:39,2
DA:42,1
DA:45,1
DA:46,1
DA:50,1
DA:52,1
DA:53,1
DA:55,2
DA:60,1
DA:61,1
DA:66,2
DA:69,1
DA:70,1
DA:73,1
DA:78,1
DA:80,1
LF:21
LH:21
BRF:0
BRH:0
end_of_record
