TN:
SF:/home/DOM201/ivanovamv/WebstormProjects/WeatherForecast/src/adapters/weatherapi.ts
FN:38,convertCurrentForecast
FN:52,convertForecasts
FN:55,(anonymous_2)
FNF:3
FNH:3
FNDA:1,convertCurrentForecast
FNDA:1,convertForecasts
FNDA:1,(anonymous_2)
DA:1,3
DA:39,1
DA:53,1
DA:54,1
DA:56,1
DA:63,1
DA:66,1
LF:7
LH:7
BRF:0
BRH:0
end_of_record
TN:
SF:/home/DOM201/ivanovamv/WebstormProjects/WeatherForecast/src/assets/air_pressure.svg
FNF:0
FNH:0
DA:1,1
LF:1
LH:1
BRF:0
BRH:0
end_of_record
TN:
SF:/home/DOM201/ivanovamv/WebstormProjects/WeatherForecast/src/assets/binoculars.svg
FNF:0
FNH:0
DA:1,1
LF:1
LH:1
BRF:0
BRH:0
end_of_record
TN:
SF:/home/DOM201/ivanovamv/WebstormProjects/WeatherForecast/src/assets/humidity.svg
FNF:0
FNH:0
DA:1,3
LF:1
LH:1
BRF:0
BRH:0
end_of_record
TN:
SF:/home/DOM201/ivanovamv/WebstormProjects/WeatherForecast/src/assets/temperature.svg
FNF:0
FNH:0
DA:1,3
LF:1
LH:1
BRF:0
BRH:0
end_of_record
TN:
SF:/home/DOM201/ivanovamv/WebstormProjects/WeatherForecast/src/assets/visibility.svg
FNF:0
FNH:0
DA:1,1
LF:1
LH:1
BRF:0
BRH:0
end_of_record
TN:
SF:/home/DOM201/ivanovamv/WebstormProjects/WeatherForecast/src/assets/wind_direction.svg
FNF:0
FNH:0
DA:1,1
LF:1
LH:1
BRF:0
BRH:0
end_of_record
TN:
SF:/home/DOM201/ivanovamv/WebstormProjects/WeatherForecast/src/assets/wind_speed.svg
FNF:0
FNH:0
DA:1,1
LF:1
LH:1
BRF:0
BRH:0
end_of_record
TN:
SF:/home/DOM201/ivanovamv/WebstormProjects/WeatherForecast/src/components/Forecast.vue
FN:64,(anonymous_0)
FNF:1
FNH:1
FNDA:1,(anonymous_0)
DA:59,1
DA:61,1
DA:65,1
LF:3
LH:3
BRF:0
BRH:0
end_of_record
TN:
SF:/home/DOM201/ivanovamv/WebstormProjects/WeatherForecast/src/components/ForecastPreview.vue
FNF:0
FNH:0
DA:19,2
DA:22,2
LF:2
LH:2
BRF:0
BRH:0
end_of_record
TN:
SF:/home/DOM201/ivanovamv/WebstormProjects/WeatherForecast/src/components/ForecastPreviewList.vue
FN:20,(anonymous_0)
FNF:1
FNH:1
FNDA:1,(anonymous_0)
DA:12,1
DA:13,1
DA:16,1
DA:21,1
LF:4
LH:4
BRF:0
BRH:0
end_of_record
TN:
SF:/home/DOM201/ivanovamv/WebstormProjects/WeatherForecast/src/components/SearchBox.vue
FN:37,(anonymous_0)
FN:44,(anonymous_1)
FN:51,(anonymous_2)
FN:52,(anonymous_3)
FNF:4
FNH:4
FNDA:2,(anonymous_0)
FNDA:1,(anonymous_1)
FNDA:3,(anonymous_2)
FNDA:6,(anonymous_3)
DA:27,1
DA:29,1
DA:38,2
DA:45,1
DA:46,1
DA:47,1
DA:51,3
DA:52,3
DA:53,6
LF:9
LH:9
BRF:0
BRH:0
end_of_record
TN:
SF:/home/DOM201/ivanovamv/WebstormProjects/WeatherForecast/src/components/api.ts
FN:11,handleErrors
FN:21,(anonymous_1)
FN:28,(anonymous_2)
FN:34,(anonymous_3)
FNF:4
FNH:4
FNDA:4,handleErrors
FNDA:1,(anonymous_1)
FNDA:1,(anonymous_2)
FNDA:2,(anonymous_3)
DA:2,3
DA:4,3
DA:6,3
DA:7,3
DA:12,4
DA:13,4
DA:14,1
DA:16,3
DA:19,3
DA:22,1
DA:29,1
DA:35,2
DA:42,3
LF:13
LH:13
BRDA:13,0,0,1
BRDA:13,0,1,3
BRF:2
BRH:2
end_of_record
TN:
SF:/home/DOM201/ivanovamv/WebstormProjects/WeatherForecast/src/store/index.ts
FN:35,(anonymous_0)
FN:38,(anonymous_1)
FN:41,(anonymous_2)
FN:47,(anonymous_3)
FN:50,(anonymous_4)
FN:53,(anonymous_5)
FN:56,(anonymous_6)
FN:63,(anonymous_7)
FN:67,(anonymous_8)
FN:71,(anonymous_9)
FN:76,(anonymous_10)
FN:80,(anonymous_11)
FN:84,(anonymous_12)
FN:91,(anonymous_13)
FNF:14
FNH:13
FNDA:1,(anonymous_0)
FNDA:1,(anonymous_1)
FNDA:0,(anonymous_2)
FNDA:2,(anonymous_3)
FNDA:2,(anonymous_4)
FNDA:1,(anonymous_5)
FNDA:1,(anonymous_6)
FNDA:1,(anonymous_7)
FNDA:2,(anonymous_8)
FNDA:1,(anonymous_9)
FNDA:2,(anonymous_10)
FNDA:1,(anonymous_11)
FNDA:1,(anonymous_12)
FNDA:3,(anonymous_13)
DA:1,3
DA:2,3
DA:3,3
DA:34,3
DA:36,1
DA:39,1
DA:42,0
DA:46,3
DA:48,2
DA:51,2
DA:54,1
DA:57,1
DA:58,1
DA:62,3
DA:64,1
DA:65,1
DA:67,2
DA:72,1
DA:73,1
DA:78,2
DA:81,1
DA:82,1
DA:85,1
DA:90,3
DA:92,3
LF:25
LH:24
BRF:0
BRH:0
end_of_record
